09:39:41,533 [32mINFO [m [f.console] ,----------------------------------------------------------------------------------------------------.
|       ,---,.  .--.--.     ,----..                                     ,--,                     2.9 |
|     ,'  .' | /  /    '.  /   /   \                                  ,--.'|                         |
|   ,---.'   ||  :  /`. / |   :     :  __  ,-.                   .---.|  | :               __  ,-.   |
|   |   |   .';  |  |--`  .   |  ;. /,' ,'/ /|                  /. ./|:  : '             ,' ,'/ /|   |
|   :   :  :  |  :  ;_    .   ; /--` '  | |' | ,--.--.       .-'-. ' ||  ' |      ,---.  '  | |' |   |
|   :   |  |-, \  \    `. ;   | ;    |  |   ,'/       \     /___/ \: |'  | |     /     \ |  |   ,'   |
|   |   :  ;/|  `----.   \|   : |    '  :  / .--.  .-. | .-'.. '   ' .|  | :    /    /  |'  :  /     |
|   |   |   .'  __ \  \  |.   | '___ |  | '   \__\/: . ./___/ \:     ''  : |__ .    ' / ||  | '      |
|   '   :  '   /  /`--'  /'   ; : .'|;  : |   ," .--.; |.   \  ' .\   |  | '.'|'   ;   /|;  : |      |
|   |   |  |  '--'.     / '   | '/  :|  , ;  /  /  ,.  | \   \   ' \ |;  :    ;'   |  / ||  , ;      |
|   |   :  \    `--'---'  |   :    /  ---'  ;  :   .'   \ \   \  |--" |  ,   / |   :    | ---'       |
|   |   | ,'               \   \ .'         |  ,     .-./  \   \ |     ---`-'   \   \  /             |
|   `----'                  `---`            `--`---'       '---"                `----'              |
+----------------------------------------------------------------------------------------------------+
|                                        You know, for Files!                                        |
|                                     Made from France with Love                                     |
|                           Source: https://github.com/dadoonet/fscrawler/                           |
|                          Documentation: https://fscrawler.readthedocs.io/                          |
`----------------------------------------------------------------------------------------------------'

09:39:41,606 [32mINFO [m [f.p.e.c.f.c.BootstrapChecks] Memory [Free/Total=Percent]: HEAP [103mb/1.9gb=5.18%], RAM [3.4gb/7.7gb=45.05%], Swap [1.9gb/1.9gb=99.85%].
09:39:43,021 [33mWARN [m [f.p.e.c.f.c.FsCrawlerCli] `url` is not set. Please define it. Falling back to default: [/tmp/es].
09:39:43,108 [32mINFO [m [f.p.e.c.f.FsCrawlerImpl] Starting FS crawler
09:39:43,112 [32mINFO [m [f.p.e.c.f.FsCrawlerImpl] FS crawler started in watch mode. It will run unless you stop it with CTRL+C.
09:39:47,585 [32mINFO [m [f.p.e.c.f.c.v.ElasticsearchClientV7] Elasticsearch Client for version 7.x connected to a node running version 7.17.5
09:39:48,220 [32mINFO [m [f.p.e.c.f.c.v.ElasticsearchClientV7] Elasticsearch Client for version 7.x connected to a node running version 7.17.5
09:39:48,911 [33mWARN [m [o.e.c.RestClient] request [PUT https://elasticsearch:9200/idx?master_timeout=30s&timeout=30s] returned 1 warnings: [299 Elasticsearch-7.17.5-8d61b4f7ddf931f219e3745f295ed2bbc50c8e84 "Camel case format name dateOptionalTime is deprecated and will be removed in a future version. Use snake case name date_optional_time instead."]
09:39:49,163 [32mINFO [m [f.p.e.c.f.FsParserAbstract] FS crawler started for [idx] for [/tmp/es] every [1m]
09:39:49,412 [32mINFO [m [f.p.e.c.f.t.TikaInstance] OCR is disabled.
09:39:52,666 [33mWARN [m [o.g.j.s.w.WadlFeature] JAXBContext implementation could not be found. WADL feature is disabled.
09:39:54,180 [33mWARN [m [o.g.j.i.i.Providers] A provider fr.pilato.elasticsearch.crawler.fs.rest.UploadApi registered in SERVER runtime does not implement any provider interfaces applicable in the SERVER runtime. Due to constraint configuration problems the provider fr.pilato.elasticsearch.crawler.fs.rest.UploadApi will be ignored. 
09:39:54,201 [33mWARN [m [o.g.j.i.i.Providers] A provider fr.pilato.elasticsearch.crawler.fs.rest.ServerStatusApi registered in SERVER runtime does not implement any provider interfaces applicable in the SERVER runtime. Due to constraint configuration problems the provider fr.pilato.elasticsearch.crawler.fs.rest.ServerStatusApi will be ignored. 
09:39:55,919 [32mINFO [m [f.p.e.c.f.r.RestServer] FS crawler Rest service started on [http://fscrawler:8080]
09:39:58,942 [33mWARN [m [o.a.p.p.f.FileSystemFontProvider] New fonts found, font cache will be re-built
09:39:58,946 [33mWARN [m [o.a.p.p.f.FileSystemFontProvider] Building on-disk font cache, this may take a while
09:39:58,995 [33mWARN [m [o.a.p.p.f.FileSystemFontProvider] Finished building on-disk font cache, found 6 fonts
09:39:59,002 [33mWARN [m [o.a.p.p.f.PDTrueTypeFont] Using fallback font 'LiberationSans' for 'ArialMT'
09:40:01,980 [33mWARN [m [o.a.f.t.CmapSubtable] Format 14 cmap table is not supported and will be ignored
09:40:02,244 [33mWARN [m [o.a.f.t.CmapSubtable] Format 14 cmap table is not supported and will be ignored
09:40:02,914 [33mWARN [m [o.a.f.t.CmapSubtable] Format 14 cmap table is not supported and will be ignored
09:40:05,667 [33mWARN [m [o.a.p.p.f.PDType0Font] No Unicode mapping for CID+6910 (6910) in font AAAAAB+PingFangSC-Regular
09:40:06,876 [33mWARN [m [o.a.p.p.f.PDType0Font] No Unicode mapping for CID+6911 (6911) in font AAAAAB+PingFangSC-Regular
09:40:07,022 [33mWARN [m [o.a.p.p.f.PDFont] Invalid ToUnicode CMap in font AAAAAH+STSongti-SC-Regular
09:40:07,025 [33mWARN [m [o.a.p.p.f.PDFont] Using predefined identity CMap instead
09:40:10,369 [33mWARN [m [o.a.p.p.f.PDType0Font] No Unicode mapping for CID+1776 (1776) in font AAAAAB+PingFangSC-Regular
09:40:11,502 [33mWARN [m [o.a.p.p.f.PDFont] Invalid ToUnicode CMap in font AAAADB+STSongti-SC-Bold
09:40:11,504 [33mWARN [m [o.a.p.p.f.PDFont] Using predefined identity CMap instead
09:40:12,416 [33mWARN [m [o.a.p.p.f.PDType0Font] No Unicode mapping for CID+3659 (3659) in font AAAADN+PingFangSC-Regular
09:40:12,481 [33mWARN [m [o.a.p.p.f.PDType0Font] No Unicode mapping for CID+6910 (6910) in font AAAADN+PingFangSC-Regular
09:40:12,567 [33mWARN [m [o.a.p.p.f.PDFont] Invalid ToUnicode CMap in font AAAADS+STSongti-SC-Regular
09:40:12,569 [33mWARN [m [o.a.p.p.f.PDFont] Using predefined identity CMap instead
09:40:12,616 [33mWARN [m [o.a.p.p.f.PDType0Font] No Unicode mapping for CID+3659 (3659) in font AAAADM+PingFangSC-Semibold
09:40:13,403 [33mWARN [m [o.a.p.p.f.PDType0Font] No Unicode mapping for CID+6912 (6912) in font AAAADN+PingFangSC-Regular
09:40:13,907 [33mWARN [m [o.a.p.p.f.PDType0Font] No Unicode mapping for CID+3659 (3659) in font AAAAEA+PingFangSC-Regular
09:40:13,969 [33mWARN [m [o.a.p.p.f.PDType0Font] No Unicode mapping for CID+6910 (6910) in font AAAAEA+PingFangSC-Regular
09:40:14,134 [33mWARN [m [o.a.p.p.f.PDType0Font] No Unicode mapping for CID+6912 (6912) in font AAAAEA+PingFangSC-Regular
09:40:14,281 [33mWARN [m [o.a.p.p.f.PDFont] Invalid ToUnicode CMap in font AAAAEK+STSongti-SC-Regular
09:40:14,283 [33mWARN [m [o.a.p.p.f.PDFont] Using predefined identity CMap instead
09:40:15,069 [33mWARN [m [o.a.p.p.f.PDFont] Invalid ToUnicode CMap in font AAAAEN+STSongti-SC-Bold
09:40:15,071 [33mWARN [m [o.a.p.p.f.PDFont] Using predefined identity CMap instead
09:40:15,310 [33mWARN [m [o.a.p.p.f.PDType0Font] No Unicode mapping for CID+6910 (6910) in font AAAAEP+PingFangSC-Regular
09:40:15,389 [33mWARN [m [o.a.p.p.f.PDType0Font] No Unicode mapping for CID+6910 (6910) in font AAAAEQ+PingFangSC-Regular
09:40:15,410 [33mWARN [m [o.a.p.p.f.PDType0Font] No Unicode mapping for CID+3659 (3659) in font AAAAEQ+PingFangSC-Regular
09:40:16,298 [33mWARN [m [o.a.p.p.f.PDFont] Invalid ToUnicode CMap in font AAAAEZ+STSongti-SC-Regular
09:40:16,306 [33mWARN [m [o.a.p.p.f.PDFont] Using predefined identity CMap instead
09:40:16,414 [33mWARN [m [o.a.p.p.f.PDType0Font] No Unicode mapping for CID+6910 (6910) in font AAAAFA+PingFangSC-Regular
09:40:16,706 [33mWARN [m [o.a.p.p.f.PDType0Font] No Unicode mapping for CID+6912 (6912) in font AAAAFA+PingFangSC-Regular
09:40:16,724 [33mWARN [m [o.a.p.p.f.PDFont] Invalid ToUnicode CMap in font AAAAFI+STSongti-SC-Regular
09:40:16,727 [33mWARN [m [o.a.p.p.f.PDFont] Using predefined identity CMap instead
09:40:21,057 [33mWARN [m [o.e.c.RestClient] request [POST https://elasticsearch:9200/idx/_search?typed_keys=true&max_concurrent_shard_requests=5&ignore_unavailable=true&expand_wildcards=open&allow_no_indices=true&ignore_throttled=false&search_type=query_then_fetch&batched_reduce_size=512] returned 1 warnings: [299 Elasticsearch-7.17.5-8d61b4f7ddf931f219e3745f295ed2bbc50c8e84 "[ignore_throttled] parameter is deprecated because frozen indices have been deprecated. Consider cold or frozen tiers in place of frozen indices."]
09:40:21,168 [33mWARN [m [o.e.c.RestClient] request [POST https://elasticsearch:9200/idx_folder/_search?typed_keys=true&max_concurrent_shard_requests=5&ignore_unavailable=true&expand_wildcards=open&allow_no_indices=true&ignore_throttled=false&search_type=query_then_fetch&batched_reduce_size=512] returned 1 warnings: [299 Elasticsearch-7.17.5-8d61b4f7ddf931f219e3745f295ed2bbc50c8e84 "[ignore_throttled] parameter is deprecated because frozen indices have been deprecated. Consider cold or frozen tiers in place of frozen indices."]
09:41:21,381 [33mWARN [m [o.e.c.RestClient] request [POST https://elasticsearch:9200/idx/_search?typed_keys=true&max_concurrent_shard_requests=5&ignore_unavailable=true&expand_wildcards=open&allow_no_indices=true&ignore_throttled=false&search_type=query_then_fetch&batched_reduce_size=512] returned 1 warnings: [299 Elasticsearch-7.17.5-8d61b4f7ddf931f219e3745f295ed2bbc50c8e84 "[ignore_throttled] parameter is deprecated because frozen indices have been deprecated. Consider cold or frozen tiers in place of frozen indices."]
09:41:21,416 [33mWARN [m [o.e.c.RestClient] request [POST https://elasticsearch:9200/idx_folder/_search?typed_keys=true&max_concurrent_shard_requests=5&ignore_unavailable=true&expand_wildcards=open&allow_no_indices=true&ignore_throttled=false&search_type=query_then_fetch&batched_reduce_size=512] returned 1 warnings: [299 Elasticsearch-7.17.5-8d61b4f7ddf931f219e3745f295ed2bbc50c8e84 "[ignore_throttled] parameter is deprecated because frozen indices have been deprecated. Consider cold or frozen tiers in place of frozen indices."]
09:42:21,578 [33mWARN [m [o.e.c.RestClient] request [POST https://elasticsearch:9200/idx/_search?typed_keys=true&max_concurrent_shard_requests=5&ignore_unavailable=true&expand_wildcards=open&allow_no_indices=true&ignore_throttled=false&search_type=query_then_fetch&batched_reduce_size=512] returned 1 warnings: [299 Elasticsearch-7.17.5-8d61b4f7ddf931f219e3745f295ed2bbc50c8e84 "[ignore_throttled] parameter is deprecated because frozen indices have been deprecated. Consider cold or frozen tiers in place of frozen indices."]
09:42:21,600 [33mWARN [m [o.e.c.RestClient] request [POST https://elasticsearch:9200/idx_folder/_search?typed_keys=true&max_concurrent_shard_requests=5&ignore_unavailable=true&expand_wildcards=open&allow_no_indices=true&ignore_throttled=false&search_type=query_then_fetch&batched_reduce_size=512] returned 1 warnings: [299 Elasticsearch-7.17.5-8d61b4f7ddf931f219e3745f295ed2bbc50c8e84 "[ignore_throttled] parameter is deprecated because frozen indices have been deprecated. Consider cold or frozen tiers in place of frozen indices."]
09:43:21,612 [33mWARN [m [o.e.c.RestClient] request [POST https://elasticsearch:9200/idx/_search?typed_keys=true&max_concurrent_shard_requests=5&ignore_unavailable=true&expand_wildcards=open&allow_no_indices=true&ignore_throttled=false&search_type=query_then_fetch&batched_reduce_size=512] returned 1 warnings: [299 Elasticsearch-7.17.5-8d61b4f7ddf931f219e3745f295ed2bbc50c8e84 "[ignore_throttled] parameter is deprecated because frozen indices have been deprecated. Consider cold or frozen tiers in place of frozen indices."]
09:43:21,647 [33mWARN [m [o.e.c.RestClient] request [POST https://elasticsearch:9200/idx_folder/_search?typed_keys=true&max_concurrent_shard_requests=5&ignore_unavailable=true&expand_wildcards=open&allow_no_indices=true&ignore_throttled=false&search_type=query_then_fetch&batched_reduce_size=512] returned 1 warnings: [299 Elasticsearch-7.17.5-8d61b4f7ddf931f219e3745f295ed2bbc50c8e84 "[ignore_throttled] parameter is deprecated because frozen indices have been deprecated. Consider cold or frozen tiers in place of frozen indices."]
09:44:21,733 [33mWARN [m [o.e.c.RestClient] request [POST https://elasticsearch:9200/idx/_search?typed_keys=true&max_concurrent_shard_requests=5&ignore_unavailable=true&expand_wildcards=open&allow_no_indices=true&ignore_throttled=false&search_type=query_then_fetch&batched_reduce_size=512] returned 1 warnings: [299 Elasticsearch-7.17.5-8d61b4f7ddf931f219e3745f295ed2bbc50c8e84 "[ignore_throttled] parameter is deprecated because frozen indices have been deprecated. Consider cold or frozen tiers in place of frozen indices."]
09:44:21,762 [33mWARN [m [o.e.c.RestClient] request [POST https://elasticsearch:9200/idx_folder/_search?typed_keys=true&max_concurrent_shard_requests=5&ignore_unavailable=true&expand_wildcards=open&allow_no_indices=true&ignore_throttled=false&search_type=query_then_fetch&batched_reduce_size=512] returned 1 warnings: [299 Elasticsearch-7.17.5-8d61b4f7ddf931f219e3745f295ed2bbc50c8e84 "[ignore_throttled] parameter is deprecated because frozen indices have been deprecated. Consider cold or frozen tiers in place of frozen indices."]
09:45:21,817 [33mWARN [m [o.e.c.RestClient] request [POST https://elasticsearch:9200/idx/_search?typed_keys=true&max_concurrent_shard_requests=5&ignore_unavailable=true&expand_wildcards=open&allow_no_indices=true&ignore_throttled=false&search_type=query_then_fetch&batched_reduce_size=512] returned 1 warnings: [299 Elasticsearch-7.17.5-8d61b4f7ddf931f219e3745f295ed2bbc50c8e84 "[ignore_throttled] parameter is deprecated because frozen indices have been deprecated. Consider cold or frozen tiers in place of frozen indices."]
09:45:21,840 [33mWARN [m [o.e.c.RestClient] request [POST https://elasticsearch:9200/idx_folder/_search?typed_keys=true&max_concurrent_shard_requests=5&ignore_unavailable=true&expand_wildcards=open&allow_no_indices=true&ignore_throttled=false&search_type=query_then_fetch&batched_reduce_size=512] returned 1 warnings: [299 Elasticsearch-7.17.5-8d61b4f7ddf931f219e3745f295ed2bbc50c8e84 "[ignore_throttled] parameter is deprecated because frozen indices have been deprecated. Consider cold or frozen tiers in place of frozen indices."]
09:46:22,015 [33mWARN [m [o.e.c.RestClient] request [POST https://elasticsearch:9200/idx/_search?typed_keys=true&max_concurrent_shard_requests=5&ignore_unavailable=true&expand_wildcards=open&allow_no_indices=true&ignore_throttled=false&search_type=query_then_fetch&batched_reduce_size=512] returned 1 warnings: [299 Elasticsearch-7.17.5-8d61b4f7ddf931f219e3745f295ed2bbc50c8e84 "[ignore_throttled] parameter is deprecated because frozen indices have been deprecated. Consider cold or frozen tiers in place of frozen indices."]
09:46:22,034 [33mWARN [m [o.e.c.RestClient] request [POST https://elasticsearch:9200/idx_folder/_search?typed_keys=true&max_concurrent_shard_requests=5&ignore_unavailable=true&expand_wildcards=open&allow_no_indices=true&ignore_throttled=false&search_type=query_then_fetch&batched_reduce_size=512] returned 1 warnings: [299 Elasticsearch-7.17.5-8d61b4f7ddf931f219e3745f295ed2bbc50c8e84 "[ignore_throttled] parameter is deprecated because frozen indices have been deprecated. Consider cold or frozen tiers in place of frozen indices."]
09:47:22,099 [33mWARN [m [o.e.c.RestClient] request [POST https://elasticsearch:9200/idx/_search?typed_keys=true&max_concurrent_shard_requests=5&ignore_unavailable=true&expand_wildcards=open&allow_no_indices=true&ignore_throttled=false&search_type=query_then_fetch&batched_reduce_size=512] returned 1 warnings: [299 Elasticsearch-7.17.5-8d61b4f7ddf931f219e3745f295ed2bbc50c8e84 "[ignore_throttled] parameter is deprecated because frozen indices have been deprecated. Consider cold or frozen tiers in place of frozen indices."]
09:47:22,134 [33mWARN [m [o.e.c.RestClient] request [POST https://elasticsearch:9200/idx_folder/_search?typed_keys=true&max_concurrent_shard_requests=5&ignore_unavailable=true&expand_wildcards=open&allow_no_indices=true&ignore_throttled=false&search_type=query_then_fetch&batched_reduce_size=512] returned 1 warnings: [299 Elasticsearch-7.17.5-8d61b4f7ddf931f219e3745f295ed2bbc50c8e84 "[ignore_throttled] parameter is deprecated because frozen indices have been deprecated. Consider cold or frozen tiers in place of frozen indices."]
09:48:22,279 [33mWARN [m [o.e.c.RestClient] request [POST https://elasticsearch:9200/idx/_search?typed_keys=true&max_concurrent_shard_requests=5&ignore_unavailable=true&expand_wildcards=open&allow_no_indices=true&ignore_throttled=false&search_type=query_then_fetch&batched_reduce_size=512] returned 1 warnings: [299 Elasticsearch-7.17.5-8d61b4f7ddf931f219e3745f295ed2bbc50c8e84 "[ignore_throttled] parameter is deprecated because frozen indices have been deprecated. Consider cold or frozen tiers in place of frozen indices."]
09:48:22,306 [33mWARN [m [o.e.c.RestClient] request [POST https://elasticsearch:9200/idx_folder/_search?typed_keys=true&max_concurrent_shard_requests=5&ignore_unavailable=true&expand_wildcards=open&allow_no_indices=true&ignore_throttled=false&search_type=query_then_fetch&batched_reduce_size=512] returned 1 warnings: [299 Elasticsearch-7.17.5-8d61b4f7ddf931f219e3745f295ed2bbc50c8e84 "[ignore_throttled] parameter is deprecated because frozen indices have been deprecated. Consider cold or frozen tiers in place of frozen indices."]
09:49:22,384 [33mWARN [m [o.e.c.RestClient] request [POST https://elasticsearch:9200/idx/_search?typed_keys=true&max_concurrent_shard_requests=5&ignore_unavailable=true&expand_wildcards=open&allow_no_indices=true&ignore_throttled=false&search_type=query_then_fetch&batched_reduce_size=512] returned 1 warnings: [299 Elasticsearch-7.17.5-8d61b4f7ddf931f219e3745f295ed2bbc50c8e84 "[ignore_throttled] parameter is deprecated because frozen indices have been deprecated. Consider cold or frozen tiers in place of frozen indices."]
09:49:22,405 [33mWARN [m [o.e.c.RestClient] request [POST https://elasticsearch:9200/idx_folder/_search?typed_keys=true&max_concurrent_shard_requests=5&ignore_unavailable=true&expand_wildcards=open&allow_no_indices=true&ignore_throttled=false&search_type=query_then_fetch&batched_reduce_size=512] returned 1 warnings: [299 Elasticsearch-7.17.5-8d61b4f7ddf931f219e3745f295ed2bbc50c8e84 "[ignore_throttled] parameter is deprecated because frozen indices have been deprecated. Consider cold or frozen tiers in place of frozen indices."]
